<?xml version="1.0" encoding="UTF-8"?>
<!-- Generated by org.testng.reporters.JUnitReportReporter -->
<testsuite hostname="LAPTOP-TCIAROPJ" failures="0" tests="1" name="first_pack.first_cls" time="15.117" errors="0" timestamp="2024-01-09T09:30:31 IST" skipped="0">
  <testcase classname="first_pack.first_cls" name="a" time="15.117"/>
  <system-out/>
</testsuite> <!-- first_pack.first_cls -->
