<?xml version="1.0" encoding="UTF-8"?>
<!-- Generated by org.testng.reporters.JUnitReportReporter -->
<testsuite hostname="LAPTOP-TCIAROPJ" failures="0" tests="3" name="practice_package.TestNg_cls" time="0.015" errors="0" timestamp="2024-01-01T19:04:36 IST" skipped="0">
  <testcase classname="practice_package.TestNg_cls" name="f1" time="0.011"/>
  <system-out/>
  <testcase classname="practice_package.TestNg_cls" name="f4" time="0.003"/>
  <system-out/>
  <testcase classname="practice_package.TestNg_cls" name="f7" time="0.001"/>
  <system-out/>
</testsuite> <!-- practice_package.TestNg_cls -->
