<?xml version="1.0" encoding="UTF-8"?>
<!-- Generated by org.testng.reporters.JUnitReportReporter -->
<testsuite hostname="LAPTOP-TCIAROPJ" failures="0" tests="3" name="testng_package.Practice1" time="0.014" errors="0" timestamp="2023-12-26T08:43:25 IST" skipped="0">
  <testcase classname="testng_package.Practice1" name="f1" time="0.009"/>
  <system-out/>
  <testcase classname="testng_package.Practice1" name="f4" time="0.003"/>
  <system-out/>
  <testcase classname="testng_package.Practice1" name="f7" time="0.002"/>
  <system-out/>
</testsuite> <!-- testng_package.Practice1 -->
