<?xml version="1.0" encoding="UTF-8"?>
<!-- Generated by org.testng.reporters.JUnitReportReporter -->
<testsuite hostname="LAPTOP-TCIAROPJ" failures="0" tests="13" name="testng_package.Practice2" time="107.156" errors="0" timestamp="2024-01-02T20:54:28 IST" skipped="0">
  <testcase classname="testng_package.Practice2" name="registration" time="6.135"/>
  <system-out/>
  <testcase classname="testng_package.Practice2" name="login" time="5.774"/>
  <system-out/>
  <testcase classname="testng_package.Practice2" name="hoodie_title_verified" time="13.052"/>
  <system-out/>
  <testcase classname="testng_package.Practice2" name="jacket_add_card" time="4.777"/>
  <system-out/>
  <testcase classname="testng_package.Practice2" name="tees_add_card" time="3.524"/>
  <system-out/>
  <testcase classname="testng_package.Practice2" name="pants_add_card" time="35.835"/>
  <system-out/>
  <testcase classname="testng_package.Practice2" name="shorts_add_card" time="6.362"/>
  <system-out/>
  <testcase classname="testng_package.Practice2" name="hoodie_title" time="4.170"/>
  <system-out/>
  <testcase classname="testng_package.Practice2" name="jacket_title" time="5.317"/>
  <system-out/>
  <testcase classname="testng_package.Practice2" name="tees_title" time="3.820"/>
  <system-out/>
  <testcase classname="testng_package.Practice2" name="tanks_title" time="7.268"/>
  <system-out/>
  <testcase classname="testng_package.Practice2" name="pants_title" time="5.018"/>
  <system-out/>
  <testcase classname="testng_package.Practice2" name="shorts_title" time="6.104"/>
  <system-out/>
</testsuite> <!-- testng_package.Practice2 -->
